2019-12-27 00:33 [ INFO]          PublisherDaoImpl:    70 - select all publishers
2019-12-27 00:33 [ INFO]          PublisherDaoTest:    27 - SETUP PUBLISHERS TEST
2019-12-27 00:33 [ INFO]          PublisherDaoImpl:   121 - delete all publishers
2019-12-27 00:33 [ INFO]          PublisherDaoImpl:    34 - insert publisher 45 ООО ИКАР
2019-12-27 00:33 [ INFO]          PublisherDaoImpl:    34 - insert publisher 46 ОДО ЭЛЕГАНТ
2019-12-27 00:33 [ INFO]          PublisherDaoImpl:    34 - insert publisher 47 ОАО НОВАЯ РУСЬ
2019-12-27 00:33 [ INFO]          PublisherDaoImpl:    70 - select all publishers
2019-12-27 00:33 [ INFO]          PublisherDaoTest:    61 - DELETE PUBLISHER TESTING
2019-12-27 00:33 [ INFO]          PublisherDaoImpl:    89 - delete publisher with id = 1014 
2019-12-27 00:33 [ INFO]          PublisherDaoImpl:    70 - select all publishers
2019-12-27 00:33 [ INFO]          PublisherDaoTest:    27 - SETUP PUBLISHERS TEST
2019-12-27 00:33 [ INFO]          PublisherDaoImpl:   121 - delete all publishers
2019-12-27 00:33 [ INFO]          PublisherDaoImpl:    34 - insert publisher 45 ООО ИКАР
2019-12-27 00:33 [ INFO]          PublisherDaoImpl:    34 - insert publisher 46 ОДО ЭЛЕГАНТ
2019-12-27 00:33 [ INFO]          PublisherDaoImpl:    34 - insert publisher 47 ОАО НОВАЯ РУСЬ
2019-12-27 00:33 [ INFO]          PublisherDaoImpl:    70 - select all publishers
2019-12-27 00:33 [ INFO]          PublisherDaoTest:    52 - SELECT ALL FROM DATABASE PUBLISHER TESTING
2019-12-27 00:33 [ INFO]          PublisherDaoImpl:    70 - select all publishers
2019-12-27 00:33 [ INFO]          PublisherDaoTest:    27 - SETUP PUBLISHERS TEST
2019-12-27 00:33 [ INFO]          PublisherDaoImpl:   121 - delete all publishers
2019-12-27 00:33 [ INFO]          PublisherDaoImpl:    34 - insert publisher 45 ООО ИКАР
2019-12-27 00:33 [ INFO]          PublisherDaoImpl:    34 - insert publisher 46 ОДО ЭЛЕГАНТ
2019-12-27 00:33 [ INFO]          PublisherDaoImpl:    34 - insert publisher 47 ОАО НОВАЯ РУСЬ
2019-12-27 00:33 [ INFO]          PublisherDaoImpl:    70 - select all publishers
2019-12-27 00:33 [ INFO]          PublisherDaoTest:    68 - UPDATE PUBLISHER TESTING
2019-12-27 00:33 [ INFO]          PublisherDaoImpl:   104 - update publisher with id  = 1020 name = TESTING UPDATE NAME 
2019-12-27 00:33 [ INFO]          PublisherDaoImpl:    51 - select publisher with id 1020
2019-12-27 00:33 [ INFO]          PublisherDaoTest:    27 - SETUP PUBLISHERS TEST
2019-12-27 00:33 [ INFO]          PublisherDaoImpl:   121 - delete all publishers
2019-12-27 00:33 [ INFO]          PublisherDaoImpl:    34 - insert publisher 45 ООО ИКАР
2019-12-27 00:33 [ INFO]          PublisherDaoImpl:    34 - insert publisher 46 ОДО ЭЛЕГАНТ
2019-12-27 00:33 [ INFO]          PublisherDaoImpl:    34 - insert publisher 47 ОАО НОВАЯ РУСЬ
2019-12-27 00:33 [ INFO]          PublisherDaoImpl:    70 - select all publishers
2019-12-27 00:33 [ INFO]          PublisherDaoTest:    77 - INSERT EXISTING PUBLISHER TESTING
2019-12-27 00:33 [ INFO]          PublisherDaoTest:    78 - Publisher{id=1023, name='ООО ИКАР'}
2019-12-27 00:33 [ INFO]          PublisherDaoTest:    79 - [Publisher{id=1023, name='ООО ИКАР'}, Publisher{id=1024, name='ОДО ЭЛЕГАНТ'}, Publisher{id=1025, name='ОАО НОВАЯ РУСЬ'}]
2019-12-27 00:33 [ INFO]          PublisherDaoImpl:    34 - insert publisher 1023 ООО ИКАР
2019-12-27 00:33 [ERROR]          PublisherDaoImpl:    40 - ОШИБКА: повторяющееся значение ключа нарушает ограничение уникальности "publisher_name_uindex"
  Подробности: Ключ "(name)=(ООО ИКАР)" уже существует.
org.postgresql.util.PSQLException: ОШИБКА: повторяющееся значение ключа нарушает ограничение уникальности "publisher_name_uindex"
  Подробности: Ключ "(name)=(ООО ИКАР)" уже существует.
	at org.postgresql.core.v3.QueryExecutorImpl.receiveErrorResponse(QueryExecutorImpl.java:2497)
	at org.postgresql.core.v3.QueryExecutorImpl.processResults(QueryExecutorImpl.java:2233)
	at org.postgresql.core.v3.QueryExecutorImpl.execute(QueryExecutorImpl.java:310)
	at org.postgresql.jdbc.PgStatement.executeInternal(PgStatement.java:446)
	at org.postgresql.jdbc.PgStatement.execute(PgStatement.java:370)
	at org.postgresql.jdbc.PgPreparedStatement.executeWithFlags(PgPreparedStatement.java:149)
	at org.postgresql.jdbc.PgPreparedStatement.executeUpdate(PgPreparedStatement.java:124)
	at com.epam.dao.impl.PublisherDaoImpl.insert(PublisherDaoImpl.java:38)
	at com.epam.dao.PublisherDaoTest.insertExisting(PublisherDaoTest.java:80)
	at java.base/jdk.internal.reflect.NativeMethodAccessorImpl.invoke0(Native Method)
	at java.base/jdk.internal.reflect.NativeMethodAccessorImpl.invoke(NativeMethodAccessorImpl.java:62)
	at java.base/jdk.internal.reflect.DelegatingMethodAccessorImpl.invoke(DelegatingMethodAccessorImpl.java:43)
	at java.base/java.lang.reflect.Method.invoke(Method.java:567)
	at org.junit.runners.model.FrameworkMethod$1.runReflectiveCall(FrameworkMethod.java:50)
	at org.junit.internal.runners.model.ReflectiveCallable.run(ReflectiveCallable.java:12)
	at org.junit.runners.model.FrameworkMethod.invokeExplosively(FrameworkMethod.java:47)
	at org.junit.internal.runners.statements.InvokeMethod.evaluate(InvokeMethod.java:17)
	at org.junit.internal.runners.statements.ExpectException.evaluate(ExpectException.java:19)
	at org.junit.internal.runners.statements.RunBefores.evaluate(RunBefores.java:26)
	at org.junit.runners.ParentRunner.runLeaf(ParentRunner.java:325)
	at org.junit.runners.BlockJUnit4ClassRunner.runChild(BlockJUnit4ClassRunner.java:78)
	at org.junit.runners.BlockJUnit4ClassRunner.runChild(BlockJUnit4ClassRunner.java:57)
	at org.junit.runners.ParentRunner$3.run(ParentRunner.java:290)
	at org.junit.runners.ParentRunner$1.schedule(ParentRunner.java:71)
	at org.junit.runners.ParentRunner.runChildren(ParentRunner.java:288)
	at org.junit.runners.ParentRunner.access$000(ParentRunner.java:58)
	at org.junit.runners.ParentRunner$2.evaluate(ParentRunner.java:268)
	at org.junit.runners.ParentRunner.run(ParentRunner.java:363)
	at org.junit.runner.JUnitCore.run(JUnitCore.java:137)
	at com.intellij.junit4.JUnit4IdeaTestRunner.startRunnerWithArgs(JUnit4IdeaTestRunner.java:68)
	at com.intellij.rt.junit.IdeaTestRunner$Repeater.startRunnerWithArgs(IdeaTestRunner.java:33)
	at com.intellij.rt.junit.JUnitStarter.prepareStreamsAndStart(JUnitStarter.java:230)
	at com.intellij.rt.junit.JUnitStarter.main(JUnitStarter.java:58)
2019-12-27 00:33 [ INFO]          PublisherDaoImpl:    70 - select all publishers
2019-12-27 00:33 [ INFO]          PublisherDaoTest:    81 - [Publisher{id=1023, name='ООО ИКАР'}, Publisher{id=1024, name='ОДО ЭЛЕГАНТ'}, Publisher{id=1025, name='ОАО НОВАЯ РУСЬ'}]
2019-12-27 00:33 [ INFO]          PublisherDaoTest:    27 - SETUP PUBLISHERS TEST
2019-12-27 00:33 [ INFO]          PublisherDaoImpl:   121 - delete all publishers
2019-12-27 00:33 [ INFO]          PublisherDaoImpl:    34 - insert publisher 45 ООО ИКАР
2019-12-27 00:33 [ INFO]          PublisherDaoImpl:    34 - insert publisher 46 ОДО ЭЛЕГАНТ
2019-12-27 00:33 [ INFO]          PublisherDaoImpl:    34 - insert publisher 47 ОАО НОВАЯ РУСЬ
2019-12-27 00:33 [ INFO]          PublisherDaoImpl:    70 - select all publishers
2019-12-27 00:33 [ INFO]          PublisherDaoTest:    37 - INSERT PUBLISHER TESTING
2019-12-27 00:33 [ INFO]          PublisherDaoImpl:    34 - insert publisher 48 publisher_4
2019-12-27 00:33 [ INFO]          PublisherDaoImpl:    70 - select all publishers
2019-12-27 00:33 [ INFO]          PublisherDaoTest:    27 - SETUP PUBLISHERS TEST
2019-12-27 00:33 [ INFO]          PublisherDaoImpl:   121 - delete all publishers
2019-12-27 00:33 [ INFO]          PublisherDaoImpl:    34 - insert publisher 45 ООО ИКАР
2019-12-27 00:33 [ INFO]          PublisherDaoImpl:    34 - insert publisher 46 ОДО ЭЛЕГАНТ
2019-12-27 00:33 [ INFO]          PublisherDaoImpl:    34 - insert publisher 47 ОАО НОВАЯ РУСЬ
2019-12-27 00:33 [ INFO]          PublisherDaoImpl:    70 - select all publishers
2019-12-27 00:33 [ INFO]          PublisherDaoTest:    86 - CLEAR ALL PUBLISHERS TESTING
2019-12-27 00:33 [ INFO]          PublisherDaoImpl:   121 - delete all publishers
2019-12-27 00:33 [ INFO]          PublisherDaoImpl:    70 - select all publishers
2019-12-27 00:33 [ INFO]          PublisherDaoTest:    27 - SETUP PUBLISHERS TEST
2019-12-27 00:33 [ INFO]          PublisherDaoImpl:   121 - delete all publishers
2019-12-27 00:33 [ INFO]          PublisherDaoImpl:    34 - insert publisher 45 ООО ИКАР
2019-12-27 00:33 [ INFO]          PublisherDaoImpl:    34 - insert publisher 46 ОДО ЭЛЕГАНТ
2019-12-27 00:33 [ INFO]          PublisherDaoImpl:    34 - insert publisher 47 ОАО НОВАЯ РУСЬ
2019-12-27 00:33 [ INFO]          PublisherDaoImpl:    70 - select all publishers
2019-12-27 00:33 [ INFO]          PublisherDaoTest:    45 - SELECT FROM DATABASE PUBLISHER TESTING
2019-12-27 00:33 [ INFO]          PublisherDaoImpl:    51 - select publisher with id 1034
2019-12-27 00:42 [ INFO]          PublisherDaoImpl:    70 - select all publishers
2019-12-27 00:42 [ INFO]          PublisherDaoTest:    27 - SETUP PUBLISHERS TEST
2019-12-27 00:42 [ INFO]          PublisherDaoImpl:   121 - delete all publishers
2019-12-27 00:42 [ INFO]          PublisherDaoImpl:    34 - insert publisher 45 ООО ИКАР
2019-12-27 00:42 [ INFO]          PublisherDaoImpl:    34 - insert publisher 46 ОДО ЭЛЕГАНТ
2019-12-27 00:42 [ INFO]          PublisherDaoImpl:    34 - insert publisher 47 ОАО НОВАЯ РУСЬ
2019-12-27 00:42 [ INFO]          PublisherDaoImpl:    70 - select all publishers
2019-12-27 00:42 [ INFO]          PublisherDaoTest:    61 - DELETE PUBLISHER TESTING
2019-12-27 00:42 [ INFO]          PublisherDaoImpl:    89 - delete publisher with id = 1039 
2019-12-27 00:42 [ INFO]          PublisherDaoImpl:    70 - select all publishers
2019-12-27 00:42 [ INFO]          PublisherDaoTest:    27 - SETUP PUBLISHERS TEST
2019-12-27 00:42 [ INFO]          PublisherDaoImpl:   121 - delete all publishers
2019-12-27 00:42 [ INFO]          PublisherDaoImpl:    34 - insert publisher 45 ООО ИКАР
2019-12-27 00:42 [ INFO]          PublisherDaoImpl:    34 - insert publisher 46 ОДО ЭЛЕГАНТ
2019-12-27 00:42 [ INFO]          PublisherDaoImpl:    34 - insert publisher 47 ОАО НОВАЯ РУСЬ
2019-12-27 00:42 [ INFO]          PublisherDaoImpl:    70 - select all publishers
2019-12-27 00:42 [ INFO]          PublisherDaoTest:    52 - SELECT ALL FROM DATABASE PUBLISHER TESTING
2019-12-27 00:42 [ INFO]          PublisherDaoImpl:    70 - select all publishers
2019-12-27 00:42 [ INFO]          PublisherDaoTest:    27 - SETUP PUBLISHERS TEST
2019-12-27 00:42 [ INFO]          PublisherDaoImpl:   121 - delete all publishers
2019-12-27 00:42 [ INFO]          PublisherDaoImpl:    34 - insert publisher 45 ООО ИКАР
2019-12-27 00:42 [ INFO]          PublisherDaoImpl:    34 - insert publisher 46 ОДО ЭЛЕГАНТ
2019-12-27 00:42 [ INFO]          PublisherDaoImpl:    34 - insert publisher 47 ОАО НОВАЯ РУСЬ
2019-12-27 00:42 [ INFO]          PublisherDaoImpl:    70 - select all publishers
2019-12-27 00:42 [ INFO]          PublisherDaoTest:    68 - UPDATE PUBLISHER TESTING
2019-12-27 00:42 [ INFO]          PublisherDaoImpl:   104 - update publisher with id  = 1045 name = TESTING UPDATE NAME 
2019-12-27 00:42 [ INFO]          PublisherDaoImpl:    51 - select publisher with id 1045
2019-12-27 00:42 [ INFO]          PublisherDaoTest:    27 - SETUP PUBLISHERS TEST
2019-12-27 00:42 [ INFO]          PublisherDaoImpl:   121 - delete all publishers
2019-12-27 00:42 [ INFO]          PublisherDaoImpl:    34 - insert publisher 45 ООО ИКАР
2019-12-27 00:42 [ INFO]          PublisherDaoImpl:    34 - insert publisher 46 ОДО ЭЛЕГАНТ
2019-12-27 00:42 [ INFO]          PublisherDaoImpl:    34 - insert publisher 47 ОАО НОВАЯ РУСЬ
2019-12-27 00:42 [ INFO]          PublisherDaoImpl:    70 - select all publishers
2019-12-27 00:42 [ INFO]          PublisherDaoTest:    77 - INSERT EXISTING PUBLISHER TESTING
2019-12-27 00:42 [ INFO]          PublisherDaoTest:    78 - Publisher{id=1048, name='ООО ИКАР'}
2019-12-27 00:42 [ INFO]          PublisherDaoTest:    79 - [Publisher{id=1048, name='ООО ИКАР'}, Publisher{id=1049, name='ОДО ЭЛЕГАНТ'}, Publisher{id=1050, name='ОАО НОВАЯ РУСЬ'}]
2019-12-27 00:42 [ INFO]          PublisherDaoImpl:    34 - insert publisher 1048 ООО ИКАР
2019-12-27 00:42 [ERROR]          PublisherDaoImpl:    40 - ОШИБКА: повторяющееся значение ключа нарушает ограничение уникальности "publisher_name_uindex"
  Подробности: Ключ "(name)=(ООО ИКАР)" уже существует.
org.postgresql.util.PSQLException: ОШИБКА: повторяющееся значение ключа нарушает ограничение уникальности "publisher_name_uindex"
  Подробности: Ключ "(name)=(ООО ИКАР)" уже существует.
	at org.postgresql.core.v3.QueryExecutorImpl.receiveErrorResponse(QueryExecutorImpl.java:2497)
	at org.postgresql.core.v3.QueryExecutorImpl.processResults(QueryExecutorImpl.java:2233)
	at org.postgresql.core.v3.QueryExecutorImpl.execute(QueryExecutorImpl.java:310)
	at org.postgresql.jdbc.PgStatement.executeInternal(PgStatement.java:446)
	at org.postgresql.jdbc.PgStatement.execute(PgStatement.java:370)
	at org.postgresql.jdbc.PgPreparedStatement.executeWithFlags(PgPreparedStatement.java:149)
	at org.postgresql.jdbc.PgPreparedStatement.executeUpdate(PgPreparedStatement.java:124)
	at com.epam.dao.impl.PublisherDaoImpl.insert(PublisherDaoImpl.java:38)
	at com.epam.dao.PublisherDaoTest.insertExisting(PublisherDaoTest.java:80)
	at java.base/jdk.internal.reflect.NativeMethodAccessorImpl.invoke0(Native Method)
	at java.base/jdk.internal.reflect.NativeMethodAccessorImpl.invoke(NativeMethodAccessorImpl.java:62)
	at java.base/jdk.internal.reflect.DelegatingMethodAccessorImpl.invoke(DelegatingMethodAccessorImpl.java:43)
	at java.base/java.lang.reflect.Method.invoke(Method.java:567)
	at org.junit.runners.model.FrameworkMethod$1.runReflectiveCall(FrameworkMethod.java:50)
	at org.junit.internal.runners.model.ReflectiveCallable.run(ReflectiveCallable.java:12)
	at org.junit.runners.model.FrameworkMethod.invokeExplosively(FrameworkMethod.java:47)
	at org.junit.internal.runners.statements.InvokeMethod.evaluate(InvokeMethod.java:17)
	at org.junit.internal.runners.statements.ExpectException.evaluate(ExpectException.java:19)
	at org.junit.internal.runners.statements.RunBefores.evaluate(RunBefores.java:26)
	at org.junit.runners.ParentRunner.runLeaf(ParentRunner.java:325)
	at org.junit.runners.BlockJUnit4ClassRunner.runChild(BlockJUnit4ClassRunner.java:78)
	at org.junit.runners.BlockJUnit4ClassRunner.runChild(BlockJUnit4ClassRunner.java:57)
	at org.junit.runners.ParentRunner$3.run(ParentRunner.java:290)
	at org.junit.runners.ParentRunner$1.schedule(ParentRunner.java:71)
	at org.junit.runners.ParentRunner.runChildren(ParentRunner.java:288)
	at org.junit.runners.ParentRunner.access$000(ParentRunner.java:58)
	at org.junit.runners.ParentRunner$2.evaluate(ParentRunner.java:268)
	at org.junit.runners.ParentRunner.run(ParentRunner.java:363)
	at org.junit.runner.JUnitCore.run(JUnitCore.java:137)
	at com.intellij.junit4.JUnit4IdeaTestRunner.startRunnerWithArgs(JUnit4IdeaTestRunner.java:68)
	at com.intellij.rt.junit.IdeaTestRunner$Repeater.startRunnerWithArgs(IdeaTestRunner.java:33)
	at com.intellij.rt.junit.JUnitStarter.prepareStreamsAndStart(JUnitStarter.java:230)
	at com.intellij.rt.junit.JUnitStarter.main(JUnitStarter.java:58)
2019-12-27 00:42 [ INFO]          PublisherDaoImpl:    70 - select all publishers
2019-12-27 00:42 [ INFO]          PublisherDaoTest:    81 - [Publisher{id=1048, name='ООО ИКАР'}, Publisher{id=1049, name='ОДО ЭЛЕГАНТ'}, Publisher{id=1050, name='ОАО НОВАЯ РУСЬ'}]
2019-12-27 00:42 [ INFO]          PublisherDaoTest:    27 - SETUP PUBLISHERS TEST
2019-12-27 00:42 [ INFO]          PublisherDaoImpl:   121 - delete all publishers
2019-12-27 00:42 [ INFO]          PublisherDaoImpl:    34 - insert publisher 45 ООО ИКАР
2019-12-27 00:42 [ INFO]          PublisherDaoImpl:    34 - insert publisher 46 ОДО ЭЛЕГАНТ
2019-12-27 00:42 [ INFO]          PublisherDaoImpl:    34 - insert publisher 47 ОАО НОВАЯ РУСЬ
2019-12-27 00:42 [ INFO]          PublisherDaoImpl:    70 - select all publishers
2019-12-27 00:42 [ INFO]          PublisherDaoTest:    37 - INSERT PUBLISHER TESTING
2019-12-27 00:42 [ INFO]          PublisherDaoImpl:    34 - insert publisher 48 publisher_4
2019-12-27 00:42 [ INFO]          PublisherDaoImpl:    70 - select all publishers
2019-12-27 00:42 [ INFO]          PublisherDaoTest:    27 - SETUP PUBLISHERS TEST
2019-12-27 00:42 [ INFO]          PublisherDaoImpl:   121 - delete all publishers
2019-12-27 00:42 [ INFO]          PublisherDaoImpl:    34 - insert publisher 45 ООО ИКАР
2019-12-27 00:42 [ INFO]          PublisherDaoImpl:    34 - insert publisher 46 ОДО ЭЛЕГАНТ
2019-12-27 00:42 [ INFO]          PublisherDaoImpl:    34 - insert publisher 47 ОАО НОВАЯ РУСЬ
2019-12-27 00:42 [ INFO]          PublisherDaoImpl:    70 - select all publishers
2019-12-27 00:42 [ INFO]          PublisherDaoTest:    86 - CLEAR ALL PUBLISHERS TESTING
2019-12-27 00:42 [ INFO]          PublisherDaoImpl:   121 - delete all publishers
2019-12-27 00:42 [ INFO]          PublisherDaoImpl:    70 - select all publishers
2019-12-27 00:42 [ INFO]          PublisherDaoTest:    27 - SETUP PUBLISHERS TEST
2019-12-27 00:42 [ INFO]          PublisherDaoImpl:   121 - delete all publishers
2019-12-27 00:42 [ INFO]          PublisherDaoImpl:    34 - insert publisher 45 ООО ИКАР
2019-12-27 00:42 [ INFO]          PublisherDaoImpl:    34 - insert publisher 46 ОДО ЭЛЕГАНТ
2019-12-27 00:42 [ INFO]          PublisherDaoImpl:    34 - insert publisher 47 ОАО НОВАЯ РУСЬ
2019-12-27 00:42 [ INFO]          PublisherDaoImpl:    70 - select all publishers
2019-12-27 00:42 [ INFO]          PublisherDaoTest:    45 - SELECT FROM DATABASE PUBLISHER TESTING
2019-12-27 00:42 [ INFO]          PublisherDaoImpl:    51 - select publisher with id 1059
