2019-12-30 23:30 [ INFO]       SubscriptionTypeDao:    26 - SETUP SUBSCRIPTION TYPE TEST
2019-12-30 23:30 [ INFO]   SubscriptionTypeDaoImpl:   110 - DELETE ALL CATEGORIES IN PERIODICAL CATEGORY TABLE
2019-12-30 23:30 [ INFO]   SubscriptionTypeDaoImpl:    36 - INSERT SUBSCRIPTION TYPE 45 Месячная 1
2019-12-30 23:30 [ INFO]   SubscriptionTypeDaoImpl:    46 - SUBSCRIPTION TYPE CREATION SUCCESSFUL
2019-12-30 23:30 [ INFO]   SubscriptionTypeDaoImpl:    36 - INSERT SUBSCRIPTION TYPE 46 Квартальная 3
2019-12-30 23:30 [ INFO]   SubscriptionTypeDaoImpl:    46 - SUBSCRIPTION TYPE CREATION SUCCESSFUL
2019-12-30 23:30 [ INFO]   SubscriptionTypeDaoImpl:    36 - INSERT SUBSCRIPTION TYPE 47 Полугодие 6
2019-12-30 23:30 [ INFO]   SubscriptionTypeDaoImpl:    46 - SUBSCRIPTION TYPE CREATION SUCCESSFUL
2019-12-30 23:30 [ INFO]   SubscriptionTypeDaoImpl:    77 - SELECT ALL FROM SUBSCRIPTION TYPE
2019-12-30 23:32 [ INFO]       SubscriptionTypeDao:    26 - SETUP SUBSCRIPTION TYPE TEST
2019-12-30 23:32 [ INFO]   SubscriptionTypeDaoImpl:   110 - DELETE ALL CATEGORIES IN PERIODICAL CATEGORY TABLE
2019-12-30 23:32 [ INFO]   SubscriptionTypeDaoImpl:    36 - INSERT SUBSCRIPTION TYPE 45 Месячная 1
2019-12-30 23:32 [ INFO]   SubscriptionTypeDaoImpl:    46 - SUBSCRIPTION TYPE CREATION SUCCESSFUL
2019-12-30 23:32 [ INFO]   SubscriptionTypeDaoImpl:    36 - INSERT SUBSCRIPTION TYPE 46 Квартальная 3
2019-12-30 23:32 [ INFO]   SubscriptionTypeDaoImpl:    46 - SUBSCRIPTION TYPE CREATION SUCCESSFUL
2019-12-30 23:32 [ INFO]   SubscriptionTypeDaoImpl:    36 - INSERT SUBSCRIPTION TYPE 47 Полугодие 6
2019-12-30 23:32 [ INFO]   SubscriptionTypeDaoImpl:    46 - SUBSCRIPTION TYPE CREATION SUCCESSFUL
2019-12-30 23:32 [ INFO]   SubscriptionTypeDaoImpl:    77 - SELECT ALL FROM SUBSCRIPTION TYPE
2019-12-30 23:32 [ INFO]       SubscriptionTypeDao:    43 - SELECT FROM DATABASE SUBSCRIPTION TYPE TESTING
2019-12-30 23:32 [ INFO]   SubscriptionTypeDaoImpl:    55 - SELECT FROM SUBSCRIPTION TYPE ID 58
2019-12-30 23:32 [ INFO]       SubscriptionTypeDao:    26 - SETUP SUBSCRIPTION TYPE TEST
2019-12-30 23:32 [ INFO]   SubscriptionTypeDaoImpl:   110 - DELETE ALL CATEGORIES IN PERIODICAL CATEGORY TABLE
2019-12-30 23:32 [ INFO]   SubscriptionTypeDaoImpl:    36 - INSERT SUBSCRIPTION TYPE 45 Месячная 1
2019-12-30 23:32 [ INFO]   SubscriptionTypeDaoImpl:    46 - SUBSCRIPTION TYPE CREATION SUCCESSFUL
2019-12-30 23:32 [ INFO]   SubscriptionTypeDaoImpl:    36 - INSERT SUBSCRIPTION TYPE 46 Квартальная 3
2019-12-30 23:32 [ INFO]   SubscriptionTypeDaoImpl:    46 - SUBSCRIPTION TYPE CREATION SUCCESSFUL
2019-12-30 23:32 [ INFO]   SubscriptionTypeDaoImpl:    36 - INSERT SUBSCRIPTION TYPE 47 Полугодие 6
2019-12-30 23:32 [ INFO]   SubscriptionTypeDaoImpl:    46 - SUBSCRIPTION TYPE CREATION SUCCESSFUL
2019-12-30 23:32 [ INFO]   SubscriptionTypeDaoImpl:    77 - SELECT ALL FROM SUBSCRIPTION TYPE
2019-12-30 23:32 [ INFO]       SubscriptionTypeDao:    43 - SELECT FROM DATABASE SUBSCRIPTION TYPE TESTING
2019-12-30 23:32 [ INFO]   SubscriptionTypeDaoImpl:    55 - SELECT FROM SUBSCRIPTION TYPE ID 61
2019-12-30 23:33 [ INFO]   SubscriptionTypeDaoTest:    27 - SETUP SUBSCRIPTION TYPE TEST
2019-12-30 23:33 [ INFO]   SubscriptionTypeDaoImpl:   110 - DELETE ALL CATEGORIES IN PERIODICAL CATEGORY TABLE
2019-12-30 23:33 [ INFO]   SubscriptionTypeDaoImpl:    36 - INSERT SUBSCRIPTION TYPE 45 Месячная 1
2019-12-30 23:33 [ INFO]   SubscriptionTypeDaoImpl:    46 - SUBSCRIPTION TYPE CREATION SUCCESSFUL
2019-12-30 23:33 [ INFO]   SubscriptionTypeDaoImpl:    36 - INSERT SUBSCRIPTION TYPE 46 Квартальная 3
2019-12-30 23:33 [ INFO]   SubscriptionTypeDaoImpl:    46 - SUBSCRIPTION TYPE CREATION SUCCESSFUL
2019-12-30 23:33 [ INFO]   SubscriptionTypeDaoImpl:    36 - INSERT SUBSCRIPTION TYPE 47 Полугодие 6
2019-12-30 23:33 [ INFO]   SubscriptionTypeDaoImpl:    46 - SUBSCRIPTION TYPE CREATION SUCCESSFUL
2019-12-30 23:33 [ INFO]   SubscriptionTypeDaoImpl:    77 - SELECT ALL FROM SUBSCRIPTION TYPE
2019-12-30 23:33 [ INFO]   SubscriptionTypeDaoTest:    44 - SELECT FROM DATABASE SUBSCRIPTION TYPE TESTING
2019-12-30 23:33 [ INFO]   SubscriptionTypeDaoImpl:    55 - SELECT FROM SUBSCRIPTION TYPE ID 64
2019-12-30 23:36 [ INFO]   SubscriptionTypeDaoTest:    28 - SETUP SUBSCRIPTION TYPE TEST
2019-12-30 23:36 [ INFO]   SubscriptionTypeDaoImpl:   122 - DELETE ALL CATEGORIES IN PERIODICAL CATEGORY TABLE
2019-12-30 23:36 [ INFO]   SubscriptionTypeDaoImpl:    36 - INSERT SUBSCRIPTION TYPE 45 Месячная 1
2019-12-30 23:36 [ INFO]   SubscriptionTypeDaoImpl:    46 - SUBSCRIPTION TYPE CREATION SUCCESSFUL
2019-12-30 23:36 [ INFO]   SubscriptionTypeDaoImpl:    36 - INSERT SUBSCRIPTION TYPE 46 Квартальная 3
2019-12-30 23:36 [ INFO]   SubscriptionTypeDaoImpl:    46 - SUBSCRIPTION TYPE CREATION SUCCESSFUL
2019-12-30 23:36 [ INFO]   SubscriptionTypeDaoImpl:    36 - INSERT SUBSCRIPTION TYPE 47 Полугодие 6
2019-12-30 23:36 [ INFO]   SubscriptionTypeDaoImpl:    46 - SUBSCRIPTION TYPE CREATION SUCCESSFUL
2019-12-30 23:36 [ INFO]   SubscriptionTypeDaoImpl:    77 - SELECT ALL FROM SUBSCRIPTION TYPE
2019-12-30 23:36 [ INFO]   SubscriptionTypeDaoTest:    52 - SELECT ALL FROM DATABASE SUBSCRIPTION TYPE TESTING
2019-12-30 23:36 [ INFO]   SubscriptionTypeDaoTest:    28 - SETUP SUBSCRIPTION TYPE TEST
2019-12-30 23:36 [ INFO]   SubscriptionTypeDaoImpl:   122 - DELETE ALL CATEGORIES IN PERIODICAL CATEGORY TABLE
2019-12-30 23:36 [ INFO]   SubscriptionTypeDaoImpl:    36 - INSERT SUBSCRIPTION TYPE 45 Месячная 1
2019-12-30 23:36 [ INFO]   SubscriptionTypeDaoImpl:    46 - SUBSCRIPTION TYPE CREATION SUCCESSFUL
2019-12-30 23:36 [ INFO]   SubscriptionTypeDaoImpl:    36 - INSERT SUBSCRIPTION TYPE 46 Квартальная 3
2019-12-30 23:36 [ INFO]   SubscriptionTypeDaoImpl:    46 - SUBSCRIPTION TYPE CREATION SUCCESSFUL
2019-12-30 23:36 [ INFO]   SubscriptionTypeDaoImpl:    36 - INSERT SUBSCRIPTION TYPE 47 Полугодие 6
2019-12-30 23:36 [ INFO]   SubscriptionTypeDaoImpl:    46 - SUBSCRIPTION TYPE CREATION SUCCESSFUL
2019-12-30 23:36 [ INFO]   SubscriptionTypeDaoImpl:    77 - SELECT ALL FROM SUBSCRIPTION TYPE
2019-12-30 23:36 [ INFO]   SubscriptionTypeDaoTest:    28 - SETUP SUBSCRIPTION TYPE TEST
2019-12-30 23:36 [ INFO]   SubscriptionTypeDaoImpl:   122 - DELETE ALL CATEGORIES IN PERIODICAL CATEGORY TABLE
2019-12-30 23:36 [ INFO]   SubscriptionTypeDaoImpl:    36 - INSERT SUBSCRIPTION TYPE 45 Месячная 1
2019-12-30 23:36 [ INFO]   SubscriptionTypeDaoImpl:    46 - SUBSCRIPTION TYPE CREATION SUCCESSFUL
2019-12-30 23:36 [ INFO]   SubscriptionTypeDaoImpl:    36 - INSERT SUBSCRIPTION TYPE 46 Квартальная 3
2019-12-30 23:36 [ INFO]   SubscriptionTypeDaoImpl:    46 - SUBSCRIPTION TYPE CREATION SUCCESSFUL
2019-12-30 23:36 [ INFO]   SubscriptionTypeDaoImpl:    36 - INSERT SUBSCRIPTION TYPE 47 Полугодие 6
2019-12-30 23:36 [ INFO]   SubscriptionTypeDaoImpl:    46 - SUBSCRIPTION TYPE CREATION SUCCESSFUL
2019-12-30 23:36 [ INFO]   SubscriptionTypeDaoImpl:    77 - SELECT ALL FROM SUBSCRIPTION TYPE
2019-12-30 23:36 [ INFO]   SubscriptionTypeDaoTest:    38 - INSERT SUBSCRIPTION TYPE TESTING
2019-12-30 23:36 [ INFO]   SubscriptionTypeDaoImpl:    36 - INSERT SUBSCRIPTION TYPE 48 Годовая 12
2019-12-30 23:36 [ INFO]   SubscriptionTypeDaoImpl:    46 - SUBSCRIPTION TYPE CREATION SUCCESSFUL
2019-12-30 23:36 [ INFO]   SubscriptionTypeDaoImpl:    77 - SELECT ALL FROM SUBSCRIPTION TYPE
2019-12-30 23:36 [ INFO]   SubscriptionTypeDaoTest:    28 - SETUP SUBSCRIPTION TYPE TEST
2019-12-30 23:36 [ INFO]   SubscriptionTypeDaoImpl:   122 - DELETE ALL CATEGORIES IN PERIODICAL CATEGORY TABLE
2019-12-30 23:36 [ INFO]   SubscriptionTypeDaoImpl:    36 - INSERT SUBSCRIPTION TYPE 45 Месячная 1
2019-12-30 23:36 [ INFO]   SubscriptionTypeDaoImpl:    46 - SUBSCRIPTION TYPE CREATION SUCCESSFUL
2019-12-30 23:36 [ INFO]   SubscriptionTypeDaoImpl:    36 - INSERT SUBSCRIPTION TYPE 46 Квартальная 3
2019-12-30 23:36 [ INFO]   SubscriptionTypeDaoImpl:    46 - SUBSCRIPTION TYPE CREATION SUCCESSFUL
2019-12-30 23:36 [ INFO]   SubscriptionTypeDaoImpl:    36 - INSERT SUBSCRIPTION TYPE 47 Полугодие 6
2019-12-30 23:36 [ INFO]   SubscriptionTypeDaoImpl:    46 - SUBSCRIPTION TYPE CREATION SUCCESSFUL
2019-12-30 23:36 [ INFO]   SubscriptionTypeDaoImpl:    77 - SELECT ALL FROM SUBSCRIPTION TYPE
2019-12-30 23:36 [ INFO]   SubscriptionTypeDaoTest:    45 - SELECT FROM DATABASE SUBSCRIPTION TYPE TESTING
2019-12-30 23:36 [ INFO]   SubscriptionTypeDaoImpl:    55 - SELECT FROM SUBSCRIPTION TYPE ID 77
2019-12-30 23:36 [ INFO]   SubscriptionTypeDaoTest:    28 - SETUP SUBSCRIPTION TYPE TEST
2019-12-30 23:36 [ INFO]   SubscriptionTypeDaoImpl:   122 - DELETE ALL CATEGORIES IN PERIODICAL CATEGORY TABLE
2019-12-30 23:36 [ INFO]   SubscriptionTypeDaoImpl:    36 - INSERT SUBSCRIPTION TYPE 45 Месячная 1
2019-12-30 23:36 [ INFO]   SubscriptionTypeDaoImpl:    46 - SUBSCRIPTION TYPE CREATION SUCCESSFUL
2019-12-30 23:36 [ INFO]   SubscriptionTypeDaoImpl:    36 - INSERT SUBSCRIPTION TYPE 46 Квартальная 3
2019-12-30 23:36 [ INFO]   SubscriptionTypeDaoImpl:    46 - SUBSCRIPTION TYPE CREATION SUCCESSFUL
2019-12-30 23:36 [ INFO]   SubscriptionTypeDaoImpl:    36 - INSERT SUBSCRIPTION TYPE 47 Полугодие 6
2019-12-30 23:36 [ INFO]   SubscriptionTypeDaoImpl:    46 - SUBSCRIPTION TYPE CREATION SUCCESSFUL
2019-12-30 23:36 [ INFO]   SubscriptionTypeDaoImpl:    77 - SELECT ALL FROM SUBSCRIPTION TYPE
2019-12-30 23:36 [ INFO]   SubscriptionTypeDaoTest:    28 - SETUP SUBSCRIPTION TYPE TEST
2019-12-30 23:36 [ INFO]   SubscriptionTypeDaoImpl:   122 - DELETE ALL CATEGORIES IN PERIODICAL CATEGORY TABLE
2019-12-30 23:36 [ INFO]   SubscriptionTypeDaoImpl:    36 - INSERT SUBSCRIPTION TYPE 45 Месячная 1
2019-12-30 23:36 [ INFO]   SubscriptionTypeDaoImpl:    46 - SUBSCRIPTION TYPE CREATION SUCCESSFUL
2019-12-30 23:36 [ INFO]   SubscriptionTypeDaoImpl:    36 - INSERT SUBSCRIPTION TYPE 46 Квартальная 3
2019-12-30 23:36 [ INFO]   SubscriptionTypeDaoImpl:    46 - SUBSCRIPTION TYPE CREATION SUCCESSFUL
2019-12-30 23:36 [ INFO]   SubscriptionTypeDaoImpl:    36 - INSERT SUBSCRIPTION TYPE 47 Полугодие 6
2019-12-30 23:36 [ INFO]   SubscriptionTypeDaoImpl:    46 - SUBSCRIPTION TYPE CREATION SUCCESSFUL
2019-12-30 23:36 [ INFO]   SubscriptionTypeDaoImpl:    77 - SELECT ALL FROM SUBSCRIPTION TYPE
2019-12-30 23:43 [ INFO]   SubscriptionTypeDaoTest:    28 - SETUP SUBSCRIPTION TYPE TEST
2019-12-30 23:43 [ INFO]   SubscriptionTypeDaoImpl:   133 - DELETE ALL CATEGORIES IN PERIODICAL CATEGORY TABLE
2019-12-30 23:43 [ INFO]   SubscriptionTypeDaoImpl:    36 - INSERT SUBSCRIPTION TYPE 45 Месячная 1
2019-12-30 23:43 [ INFO]   SubscriptionTypeDaoImpl:    46 - SUBSCRIPTION TYPE CREATION SUCCESSFUL
2019-12-30 23:43 [ INFO]   SubscriptionTypeDaoImpl:    36 - INSERT SUBSCRIPTION TYPE 46 Квартальная 3
2019-12-30 23:43 [ INFO]   SubscriptionTypeDaoImpl:    46 - SUBSCRIPTION TYPE CREATION SUCCESSFUL
2019-12-30 23:43 [ INFO]   SubscriptionTypeDaoImpl:    36 - INSERT SUBSCRIPTION TYPE 47 Полугодие 6
2019-12-30 23:43 [ INFO]   SubscriptionTypeDaoImpl:    46 - SUBSCRIPTION TYPE CREATION SUCCESSFUL
2019-12-30 23:43 [ INFO]   SubscriptionTypeDaoImpl:    77 - SELECT ALL FROM SUBSCRIPTION TYPE
2019-12-30 23:43 [ INFO]   SubscriptionTypeDaoTest:    52 - SELECT ALL FROM DATABASE SUBSCRIPTION TYPE TESTING
2019-12-30 23:43 [ INFO]   SubscriptionTypeDaoTest:    28 - SETUP SUBSCRIPTION TYPE TEST
2019-12-30 23:43 [ INFO]   SubscriptionTypeDaoImpl:   133 - DELETE ALL CATEGORIES IN PERIODICAL CATEGORY TABLE
2019-12-30 23:43 [ INFO]   SubscriptionTypeDaoImpl:    36 - INSERT SUBSCRIPTION TYPE 45 Месячная 1
2019-12-30 23:43 [ INFO]   SubscriptionTypeDaoImpl:    46 - SUBSCRIPTION TYPE CREATION SUCCESSFUL
2019-12-30 23:43 [ INFO]   SubscriptionTypeDaoImpl:    36 - INSERT SUBSCRIPTION TYPE 46 Квартальная 3
2019-12-30 23:43 [ INFO]   SubscriptionTypeDaoImpl:    46 - SUBSCRIPTION TYPE CREATION SUCCESSFUL
2019-12-30 23:43 [ INFO]   SubscriptionTypeDaoImpl:    36 - INSERT SUBSCRIPTION TYPE 47 Полугодие 6
2019-12-30 23:43 [ INFO]   SubscriptionTypeDaoImpl:    46 - SUBSCRIPTION TYPE CREATION SUCCESSFUL
2019-12-30 23:43 [ INFO]   SubscriptionTypeDaoImpl:    77 - SELECT ALL FROM SUBSCRIPTION TYPE
2019-12-30 23:43 [ INFO]   SubscriptionTypeDaoTest:    60 - DELETE SUBSCRIPTION TYPE TESTING
2019-12-30 23:43 [ INFO]   SubscriptionTypeDaoImpl:    97 - DELETE SUBSCRIPTION TYPE WITH ID 89
2019-12-30 23:43 [ INFO]   SubscriptionTypeDaoImpl:    77 - SELECT ALL FROM SUBSCRIPTION TYPE
2019-12-30 23:43 [ INFO]   SubscriptionTypeDaoTest:    28 - SETUP SUBSCRIPTION TYPE TEST
2019-12-30 23:43 [ INFO]   SubscriptionTypeDaoImpl:   133 - DELETE ALL CATEGORIES IN PERIODICAL CATEGORY TABLE
2019-12-30 23:43 [ INFO]   SubscriptionTypeDaoImpl:    36 - INSERT SUBSCRIPTION TYPE 45 Месячная 1
2019-12-30 23:43 [ INFO]   SubscriptionTypeDaoImpl:    46 - SUBSCRIPTION TYPE CREATION SUCCESSFUL
2019-12-30 23:43 [ INFO]   SubscriptionTypeDaoImpl:    36 - INSERT SUBSCRIPTION TYPE 46 Квартальная 3
2019-12-30 23:43 [ INFO]   SubscriptionTypeDaoImpl:    46 - SUBSCRIPTION TYPE CREATION SUCCESSFUL
2019-12-30 23:43 [ INFO]   SubscriptionTypeDaoImpl:    36 - INSERT SUBSCRIPTION TYPE 47 Полугодие 6
2019-12-30 23:43 [ INFO]   SubscriptionTypeDaoImpl:    46 - SUBSCRIPTION TYPE CREATION SUCCESSFUL
2019-12-30 23:43 [ INFO]   SubscriptionTypeDaoImpl:    77 - SELECT ALL FROM SUBSCRIPTION TYPE
2019-12-30 23:43 [ INFO]   SubscriptionTypeDaoTest:    38 - INSERT SUBSCRIPTION TYPE TESTING
2019-12-30 23:43 [ INFO]   SubscriptionTypeDaoImpl:    36 - INSERT SUBSCRIPTION TYPE 48 Годовая 12
2019-12-30 23:43 [ INFO]   SubscriptionTypeDaoImpl:    46 - SUBSCRIPTION TYPE CREATION SUCCESSFUL
2019-12-30 23:43 [ INFO]   SubscriptionTypeDaoImpl:    77 - SELECT ALL FROM SUBSCRIPTION TYPE
2019-12-30 23:43 [ INFO]   SubscriptionTypeDaoTest:    28 - SETUP SUBSCRIPTION TYPE TEST
2019-12-30 23:43 [ INFO]   SubscriptionTypeDaoImpl:   133 - DELETE ALL CATEGORIES IN PERIODICAL CATEGORY TABLE
2019-12-30 23:43 [ INFO]   SubscriptionTypeDaoImpl:    36 - INSERT SUBSCRIPTION TYPE 45 Месячная 1
2019-12-30 23:43 [ INFO]   SubscriptionTypeDaoImpl:    46 - SUBSCRIPTION TYPE CREATION SUCCESSFUL
2019-12-30 23:43 [ INFO]   SubscriptionTypeDaoImpl:    36 - INSERT SUBSCRIPTION TYPE 46 Квартальная 3
2019-12-30 23:43 [ INFO]   SubscriptionTypeDaoImpl:    46 - SUBSCRIPTION TYPE CREATION SUCCESSFUL
2019-12-30 23:43 [ INFO]   SubscriptionTypeDaoImpl:    36 - INSERT SUBSCRIPTION TYPE 47 Полугодие 6
2019-12-30 23:43 [ INFO]   SubscriptionTypeDaoImpl:    46 - SUBSCRIPTION TYPE CREATION SUCCESSFUL
2019-12-30 23:43 [ INFO]   SubscriptionTypeDaoImpl:    77 - SELECT ALL FROM SUBSCRIPTION TYPE
2019-12-30 23:43 [ INFO]   SubscriptionTypeDaoTest:    45 - SELECT FROM DATABASE SUBSCRIPTION TYPE TESTING
2019-12-30 23:43 [ INFO]   SubscriptionTypeDaoImpl:    55 - SELECT FROM SUBSCRIPTION TYPE ID 96
2019-12-30 23:43 [ INFO]   SubscriptionTypeDaoTest:    28 - SETUP SUBSCRIPTION TYPE TEST
2019-12-30 23:43 [ INFO]   SubscriptionTypeDaoImpl:   133 - DELETE ALL CATEGORIES IN PERIODICAL CATEGORY TABLE
2019-12-30 23:43 [ INFO]   SubscriptionTypeDaoImpl:    36 - INSERT SUBSCRIPTION TYPE 45 Месячная 1
2019-12-30 23:43 [ INFO]   SubscriptionTypeDaoImpl:    46 - SUBSCRIPTION TYPE CREATION SUCCESSFUL
2019-12-30 23:43 [ INFO]   SubscriptionTypeDaoImpl:    36 - INSERT SUBSCRIPTION TYPE 46 Квартальная 3
2019-12-30 23:43 [ INFO]   SubscriptionTypeDaoImpl:    46 - SUBSCRIPTION TYPE CREATION SUCCESSFUL
2019-12-30 23:43 [ INFO]   SubscriptionTypeDaoImpl:    36 - INSERT SUBSCRIPTION TYPE 47 Полугодие 6
2019-12-30 23:43 [ INFO]   SubscriptionTypeDaoImpl:    46 - SUBSCRIPTION TYPE CREATION SUCCESSFUL
2019-12-30 23:43 [ INFO]   SubscriptionTypeDaoImpl:    77 - SELECT ALL FROM SUBSCRIPTION TYPE
2019-12-30 23:43 [ INFO]   SubscriptionTypeDaoTest:    67 - UPDATE SUBSCRIPTION TYPE TESTING
2019-12-30 23:43 [ INFO]   SubscriptionTypeDaoImpl:   115 - UPDATE SUBSCRIPTION TYPE WITH ID 99 AND NAME TESTING UPDATE NAME SUBSCRIPTION TYPE
2019-12-30 23:43 [ INFO]   SubscriptionTypeDaoImpl:    55 - SELECT FROM SUBSCRIPTION TYPE ID 99
2019-12-30 23:43 [ INFO]   SubscriptionTypeDaoTest:    28 - SETUP SUBSCRIPTION TYPE TEST
2019-12-30 23:43 [ INFO]   SubscriptionTypeDaoImpl:   133 - DELETE ALL CATEGORIES IN PERIODICAL CATEGORY TABLE
2019-12-30 23:43 [ INFO]   SubscriptionTypeDaoImpl:    36 - INSERT SUBSCRIPTION TYPE 45 Месячная 1
2019-12-30 23:43 [ INFO]   SubscriptionTypeDaoImpl:    46 - SUBSCRIPTION TYPE CREATION SUCCESSFUL
2019-12-30 23:43 [ INFO]   SubscriptionTypeDaoImpl:    36 - INSERT SUBSCRIPTION TYPE 46 Квартальная 3
2019-12-30 23:43 [ INFO]   SubscriptionTypeDaoImpl:    46 - SUBSCRIPTION TYPE CREATION SUCCESSFUL
2019-12-30 23:43 [ INFO]   SubscriptionTypeDaoImpl:    36 - INSERT SUBSCRIPTION TYPE 47 Полугодие 6
2019-12-30 23:43 [ INFO]   SubscriptionTypeDaoImpl:    46 - SUBSCRIPTION TYPE CREATION SUCCESSFUL
2019-12-30 23:43 [ INFO]   SubscriptionTypeDaoImpl:    77 - SELECT ALL FROM SUBSCRIPTION TYPE
